\BOOKMARK [1][-]{section.1}{Introduction}{}% 1
\BOOKMARK [2][-]{subsection.1.1}{The Team}{section.1}% 2
\BOOKMARK [3][-]{subsubsection.1.1.1}{Alex Tan}{subsection.1.1}% 3
\BOOKMARK [3][-]{subsubsection.1.1.2}{Brian Huang}{subsection.1.1}% 4
\BOOKMARK [3][-]{subsubsection.1.1.3}{Dylan Kroft}{subsection.1.1}% 5
\BOOKMARK [3][-]{subsubsection.1.1.4}{Xing Lin}{subsection.1.1}% 6
\BOOKMARK [2][-]{subsection.1.2}{Open Positions}{section.1}% 7
\BOOKMARK [2][-]{subsection.1.3}{Weekly Meetings}{section.1}% 8
\BOOKMARK [1][-]{section.2}{Documentation}{}% 9
\BOOKMARK [2][-]{subsection.2.1}{Google Drive}{section.2}% 10
\BOOKMARK [2][-]{subsection.2.2}{Trello}{section.2}% 11
\BOOKMARK [1][-]{section.3}{SSH \046 Git}{}% 12
\BOOKMARK [2][-]{subsection.3.1}{Generating an SSH Key}{section.3}% 13
\BOOKMARK [2][-]{subsection.3.2}{Setting Up Git}{section.3}% 14
\BOOKMARK [2][-]{subsection.3.3}{Command Prompt Basics}{section.3}% 15
\BOOKMARK [2][-]{subsection.3.4}{Cloning the Repo}{section.3}% 16
\BOOKMARK [2][-]{subsection.3.5}{Git Primer}{section.3}% 17
\BOOKMARK [3][-]{subsubsection.3.5.1}{Committing Files}{subsection.3.5}% 18
\BOOKMARK [3][-]{subsubsection.3.5.2}{Pushing Your Own Changes}{subsection.3.5}% 19
\BOOKMARK [3][-]{subsubsection.3.5.3}{Pulling Other People's Changes}{subsection.3.5}% 20
\BOOKMARK [3][-]{subsubsection.3.5.4}{Merge Conflicts}{subsection.3.5}% 21
\BOOKMARK [3][-]{subsubsection.3.5.5}{Stashing}{subsection.3.5}% 22
\BOOKMARK [3][-]{subsubsection.3.5.6}{Viewing the Project History}{subsection.3.5}% 23
\BOOKMARK [1][-]{section.4}{Code}{}% 24
\BOOKMARK [2][-]{subsection.4.1}{Eclipse}{section.4}% 25
\BOOKMARK [3][-]{subsubsection.4.1.1}{Setting Up Eclipse}{subsection.4.1}% 26
\BOOKMARK [3][-]{subsubsection.4.1.2}{Running the Game}{subsection.4.1}% 27
